# Logfile created on Thu Dec 10 15:23:01 +0000 2009 by /
  [4;36;1mSQL (0.2ms)[0m   [0;1mselect sqlite_version(*)[0m
  [4;35;1mSQL (0.2ms)[0m   [0m SELECT name
 FROM sqlite_master
 WHERE type = 'table' AND NOT name = 'sqlite_sequence'
[0m
  [4;36;1mSQL (1.6ms)[0m   [0;1mCREATE TABLE "behavior_configs" ("id" INTEGER PRIMARY KEY AUTOINCREMENT NOT NULL, "key" varchar(255), "value" varchar(255)) [0m
  [4;35;1mSQL (0.2ms)[0m   [0m SELECT name
 FROM sqlite_master
 WHERE type = 'table' AND NOT name = 'sqlite_sequence'
[0m
  [4;36;1mSQL (1.3ms)[0m   [0;1mCREATE TABLE "schema_migrations" ("version" varchar(255) NOT NULL) [0m
  [4;35;1mSQL (1.0ms)[0m   [0mCREATE UNIQUE INDEX "unique_schema_migrations" ON "schema_migrations" ("version")[0m
  [4;36;1mSQL (0.2ms)[0m   [0;1m SELECT name
 FROM sqlite_master
 WHERE type = 'table' AND NOT name = 'sqlite_sequence'
[0m
  [4;35;1mSQL (0.1ms)[0m   [0mSELECT version FROM "schema_migrations"[0m
  [4;36;1mSQL (1.2ms)[0m   [0;1mINSERT INTO "schema_migrations" (version) VALUES ('0')[0m
  [4;36;1mSQL (0.2ms)[0m   [0;1mselect sqlite_version(*)[0m
  [4;35;1mSQL (0.3ms)[0m   [0m SELECT name
 FROM sqlite_master
 WHERE type = 'table' AND NOT name = 'sqlite_sequence'
[0m
  [4;36;1mSQL (1.5ms)[0m   [0;1mDROP TABLE "behavior_configs"[0m
  [4;35;1mSQL (1.3ms)[0m   [0mCREATE TABLE "behavior_configs" ("id" INTEGER PRIMARY KEY AUTOINCREMENT NOT NULL, "key" varchar(255), "value" varchar(255)) [0m
  [4;36;1mSQL (0.2ms)[0m   [0;1m SELECT name
 FROM sqlite_master
 WHERE type = 'table' AND NOT name = 'sqlite_sequence'
[0m
  [4;35;1mSQL (0.1ms)[0m   [0mSELECT version FROM "schema_migrations"[0m
  [4;36;1mSQL (0.2ms)[0m   [0;1mselect sqlite_version(*)[0m
  [4;35;1mSQL (0.3ms)[0m   [0m SELECT name
 FROM sqlite_master
 WHERE type = 'table' AND NOT name = 'sqlite_sequence'
[0m
  [4;36;1mSQL (2.8ms)[0m   [0;1mDROP TABLE "behavior_configs"[0m
  [4;35;1mSQL (1.6ms)[0m   [0mCREATE TABLE "behavior_configs" ("id" INTEGER PRIMARY KEY AUTOINCREMENT NOT NULL, "key" varchar(255), "value" varchar(255)) [0m
  [4;36;1mSQL (0.3ms)[0m   [0;1m SELECT name
 FROM sqlite_master
 WHERE type = 'table' AND NOT name = 'sqlite_sequence'
[0m
  [4;35;1mSQL (0.1ms)[0m   [0mSELECT version FROM "schema_migrations"[0m
  [4;36;1mBehaviorConfig Create (0.4ms)[0m   [0;1mINSERT INTO "behavior_configs" ("value", "key") VALUES('paul@rslw.com', 'email_address')[0m
  [4;35;1mBehaviorConfig Load (0.3ms)[0m   [0mSELECT * FROM "behavior_configs" WHERE ("behavior_configs"."id" = 1) [0m
  [4;36;1mBehaviorConfig Create (0.6ms)[0m   [0;1mINSERT INTO "behavior_configs" ("value", "key") VALUES('paul@rslw.com', 'email_address')[0m
  [4;35;1mBehaviorConfig Load (0.2ms)[0m   [0mSELECT * FROM "behavior_configs" WHERE ("behavior_configs"."id" = 1) [0m
  [4;36;1mBehaviorConfig Create (0.6ms)[0m   [0;1mINSERT INTO "behavior_configs" ("value", "key") VALUES('paul@rslw.com', 'email_address')[0m
  [4;35;1mBehaviorConfig Load (2.8ms)[0m   [0mSELECT * FROM "behavior_configs" WHERE ("behavior_configs"."id" = 1) [0m
  [4;36;1mSQL (0.2ms)[0m   [0;1mselect sqlite_version(*)[0m
  [4;35;1mSQL (0.3ms)[0m   [0m SELECT name
 FROM sqlite_master
 WHERE type = 'table' AND NOT name = 'sqlite_sequence'
[0m
  [4;36;1mSQL (2.5ms)[0m   [0;1mDROP TABLE "behavior_configs"[0m
  [4;35;1mSQL (1.4ms)[0m   [0mCREATE TABLE "behavior_configs" ("id" INTEGER PRIMARY KEY AUTOINCREMENT NOT NULL, "key" varchar(255), "value" varchar(255)) [0m
  [4;36;1mSQL (0.2ms)[0m   [0;1m SELECT name
 FROM sqlite_master
 WHERE type = 'table' AND NOT name = 'sqlite_sequence'
[0m
  [4;35;1mSQL (0.1ms)[0m   [0mSELECT version FROM "schema_migrations"[0m
  [4;36;1mBehaviorConfig Create (0.4ms)[0m   [0;1mINSERT INTO "behavior_configs" ("value", "key") VALUES('paul@rslw.com', 'email_address')[0m
  [4;35;1mBehaviorConfig Load (0.2ms)[0m   [0mSELECT * FROM "behavior_configs" WHERE ("behavior_configs"."id" = 1) [0m
  [4;36;1mBehaviorConfig Create (0.3ms)[0m   [0;1mINSERT INTO "behavior_configs" ("value", "key") VALUES('paul@rslw.com', 'email_address')[0m
  [4;35;1mBehaviorConfig Load (0.2ms)[0m   [0mSELECT * FROM "behavior_configs" WHERE ("behavior_configs"."id" = 1) [0m
  [4;36;1mBehaviorConfig Create (0.4ms)[0m   [0;1mINSERT INTO "behavior_configs" ("value", "key") VALUES('paul@rslw.com', 'email_address')[0m
  [4;35;1mBehaviorConfig Load (0.2ms)[0m   [0mSELECT * FROM "behavior_configs" WHERE ("behavior_configs"."id" = 1) [0m
  [4;36;1mSQL (0.2ms)[0m   [0;1mselect sqlite_version(*)[0m
  [4;35;1mSQL (0.3ms)[0m   [0m SELECT name
 FROM sqlite_master
 WHERE type = 'table' AND NOT name = 'sqlite_sequence'
[0m
  [4;36;1mSQL (2.4ms)[0m   [0;1mDROP TABLE "behavior_configs"[0m
  [4;35;1mSQL (1.4ms)[0m   [0mCREATE TABLE "behavior_configs" ("id" INTEGER PRIMARY KEY AUTOINCREMENT NOT NULL, "key" varchar(255), "value" varchar(255)) [0m
  [4;36;1mSQL (0.3ms)[0m   [0;1m SELECT name
 FROM sqlite_master
 WHERE type = 'table' AND NOT name = 'sqlite_sequence'
[0m
  [4;35;1mSQL (0.1ms)[0m   [0mSELECT version FROM "schema_migrations"[0m
  [4;36;1mBehaviorConfig Create (0.4ms)[0m   [0;1mINSERT INTO "behavior_configs" ("value", "key") VALUES('paul@rslw.com', 'email_address')[0m
  [4;35;1mBehaviorConfig Load (0.9ms)[0m   [0mSELECT * FROM "behavior_configs" WHERE ("behavior_configs"."id" = 1) [0m
  [4;36;1mBehaviorConfig Create (0.3ms)[0m   [0;1mINSERT INTO "behavior_configs" ("value", "key") VALUES('paul@rslw.com', 'email_address')[0m
  [4;35;1mBehaviorConfig Load (0.2ms)[0m   [0mSELECT * FROM "behavior_configs" WHERE ("behavior_configs"."id" = 1) [0m
  [4;36;1mBehaviorConfig Create (0.3ms)[0m   [0;1mINSERT INTO "behavior_configs" ("value", "key") VALUES('paul@rslw.com', 'email_address')[0m
  [4;35;1mBehaviorConfig Load (0.8ms)[0m   [0mSELECT * FROM "behavior_configs" WHERE ("behavior_configs"."id" = 1) [0m
  [4;36;1mSQL (0.2ms)[0m   [0;1mselect sqlite_version(*)[0m
  [4;35;1mSQL (0.3ms)[0m   [0m SELECT name
 FROM sqlite_master
 WHERE type = 'table' AND NOT name = 'sqlite_sequence'
[0m
  [4;36;1mSQL (3.0ms)[0m   [0;1mDROP TABLE "behavior_configs"[0m
  [4;35;1mSQL (1.8ms)[0m   [0mCREATE TABLE "behavior_configs" ("id" INTEGER PRIMARY KEY AUTOINCREMENT NOT NULL, "key" varchar(255), "value" varchar(255)) [0m
  [4;36;1mSQL (0.3ms)[0m   [0;1m SELECT name
 FROM sqlite_master
 WHERE type = 'table' AND NOT name = 'sqlite_sequence'
[0m
  [4;35;1mSQL (0.1ms)[0m   [0mSELECT version FROM "schema_migrations"[0m
  [4;36;1mBehaviorConfig Create (0.4ms)[0m   [0;1mINSERT INTO "behavior_configs" ("value", "key") VALUES('paul@rslw.com', 'email_address')[0m
  [4;35;1mBehaviorConfig Load (0.2ms)[0m   [0mSELECT * FROM "behavior_configs" WHERE ("behavior_configs"."id" = 1) [0m
  [4;36;1mBehaviorConfig Create (0.4ms)[0m   [0;1mINSERT INTO "behavior_configs" ("value", "key") VALUES('paul@rslw.com', 'email_address')[0m
  [4;35;1mBehaviorConfig Load (0.2ms)[0m   [0mSELECT * FROM "behavior_configs" WHERE ("behavior_configs"."id" = 1) [0m
  [4;36;1mBehaviorConfig Create (0.4ms)[0m   [0;1mINSERT INTO "behavior_configs" ("value", "key") VALUES('paul@rslw.com', 'email_address')[0m
  [4;35;1mBehaviorConfig Load (0.3ms)[0m   [0mSELECT * FROM "behavior_configs" WHERE ("behavior_configs"."id" = 1) [0m
  [4;36;1mSQL (0.2ms)[0m   [0;1mselect sqlite_version(*)[0m
  [4;35;1mSQL (0.3ms)[0m   [0m SELECT name
 FROM sqlite_master
 WHERE type = 'table' AND NOT name = 'sqlite_sequence'
[0m
  [4;36;1mSQL (2.3ms)[0m   [0;1mDROP TABLE "behavior_configs"[0m
  [4;35;1mSQL (1.4ms)[0m   [0mCREATE TABLE "behavior_configs" ("id" INTEGER PRIMARY KEY AUTOINCREMENT NOT NULL, "key" varchar(255), "value" varchar(255)) [0m
  [4;36;1mSQL (0.3ms)[0m   [0;1m SELECT name
 FROM sqlite_master
 WHERE type = 'table' AND NOT name = 'sqlite_sequence'
[0m
  [4;35;1mSQL (0.1ms)[0m   [0mSELECT version FROM "schema_migrations"[0m
  [4;36;1mBehaviorConfig Create (0.3ms)[0m   [0;1mINSERT INTO "behavior_configs" ("value", "key") VALUES('paul@rslw.com', 'email_address')[0m
  [4;35;1mBehaviorConfig Load (0.2ms)[0m   [0mSELECT * FROM "behavior_configs" WHERE ("behavior_configs"."id" = 1) [0m
  [4;36;1mBehaviorConfig Create (0.5ms)[0m   [0;1mINSERT INTO "behavior_configs" ("value", "key") VALUES('paul@rslw.com', 'email_address')[0m
  [4;35;1mBehaviorConfig Load (0.2ms)[0m   [0mSELECT * FROM "behavior_configs" WHERE ("behavior_configs"."id" = 1) [0m
  [4;36;1mBehaviorConfig Create (0.3ms)[0m   [0;1mINSERT INTO "behavior_configs" ("value", "key") VALUES('paul@rslw.com', 'email_address')[0m
  [4;35;1mBehaviorConfig Load (0.2ms)[0m   [0mSELECT * FROM "behavior_configs" WHERE ("behavior_configs"."id" = 1) [0m
  [4;36;1mSQL (0.2ms)[0m   [0;1mselect sqlite_version(*)[0m
  [4;35;1mSQL (0.3ms)[0m   [0m SELECT name
 FROM sqlite_master
 WHERE type = 'table' AND NOT name = 'sqlite_sequence'
[0m
  [4;36;1mSQL (2.4ms)[0m   [0;1mDROP TABLE "behavior_configs"[0m
  [4;35;1mSQL (1.1ms)[0m   [0mCREATE TABLE "behavior_configs" ("id" INTEGER PRIMARY KEY AUTOINCREMENT NOT NULL, "key" varchar(255), "value" varchar(255)) [0m
  [4;36;1mSQL (0.2ms)[0m   [0;1m SELECT name
 FROM sqlite_master
 WHERE type = 'table' AND NOT name = 'sqlite_sequence'
[0m
  [4;35;1mSQL (0.1ms)[0m   [0mSELECT version FROM "schema_migrations"[0m
  [4;36;1mBehaviorConfig Create (0.3ms)[0m   [0;1mINSERT INTO "behavior_configs" ("value", "key") VALUES('paul@rslw.com', 'email_address')[0m
  [4;35;1mBehaviorConfig Load (0.2ms)[0m   [0mSELECT * FROM "behavior_configs" WHERE ("behavior_configs"."id" = 1) [0m
  [4;36;1mBehaviorConfig Create (1.6ms)[0m   [0;1mINSERT INTO "behavior_configs" ("value", "key") VALUES('paul@rslw.com', 'email_address')[0m
  [4;35;1mBehaviorConfig Load (0.3ms)[0m   [0mSELECT * FROM "behavior_configs" WHERE ("behavior_configs"."id" = 1) [0m
  [4;36;1mBehaviorConfig Create (0.6ms)[0m   [0;1mINSERT INTO "behavior_configs" ("value", "key") VALUES('paul@rslw.com', 'email_address')[0m
  [4;35;1mBehaviorConfig Load (0.2ms)[0m   [0mSELECT * FROM "behavior_configs" WHERE ("behavior_configs"."id" = 1) [0m
  [4;36;1mSQL (0.2ms)[0m   [0;1mselect sqlite_version(*)[0m
  [4;35;1mSQL (0.3ms)[0m   [0m SELECT name
 FROM sqlite_master
 WHERE type = 'table' AND NOT name = 'sqlite_sequence'
[0m
  [4;36;1mSQL (65.3ms)[0m   [0;1mDROP TABLE "behavior_configs"[0m
  [4;35;1mSQL (1.0ms)[0m   [0mCREATE TABLE "behavior_configs" ("id" INTEGER PRIMARY KEY AUTOINCREMENT NOT NULL, "key" varchar(255), "value" varchar(255)) [0m
  [4;36;1mSQL (0.2ms)[0m   [0;1m SELECT name
 FROM sqlite_master
 WHERE type = 'table' AND NOT name = 'sqlite_sequence'
[0m
  [4;35;1mSQL (0.1ms)[0m   [0mSELECT version FROM "schema_migrations"[0m
  [4;36;1mBehaviorConfig Create (0.3ms)[0m   [0;1mINSERT INTO "behavior_configs" ("value", "key") VALUES('paul@rslw.com', 'email_address')[0m
  [4;35;1mBehaviorConfig Load (0.3ms)[0m   [0mSELECT * FROM "behavior_configs" WHERE ("behavior_configs"."id" = 1) [0m
  [4;36;1mBehaviorConfig Create (0.4ms)[0m   [0;1mINSERT INTO "behavior_configs" ("value", "key") VALUES('paul@rslw.com', 'email_address')[0m
  [4;35;1mBehaviorConfig Load (0.2ms)[0m   [0mSELECT * FROM "behavior_configs" WHERE ("behavior_configs"."id" = 1) [0m
  [4;36;1mBehaviorConfig Create (0.3ms)[0m   [0;1mINSERT INTO "behavior_configs" ("value", "key") VALUES('paul@rslw.com', 'email_address')[0m
  [4;35;1mBehaviorConfig Load (0.1ms)[0m   [0mSELECT * FROM "behavior_configs" WHERE ("behavior_configs"."id" = 1) [0m
  [4;36;1mSQL (0.2ms)[0m   [0;1mselect sqlite_version(*)[0m
  [4;35;1mSQL (0.3ms)[0m   [0m SELECT name
 FROM sqlite_master
 WHERE type = 'table' AND NOT name = 'sqlite_sequence'
[0m
  [4;36;1mSQL (2.6ms)[0m   [0;1mDROP TABLE "behavior_configs"[0m
  [4;35;1mSQL (1.4ms)[0m   [0mCREATE TABLE "behavior_configs" ("id" INTEGER PRIMARY KEY AUTOINCREMENT NOT NULL, "key" varchar(255), "value" varchar(255)) [0m
  [4;36;1mSQL (0.3ms)[0m   [0;1m SELECT name
 FROM sqlite_master
 WHERE type = 'table' AND NOT name = 'sqlite_sequence'
[0m
  [4;35;1mSQL (0.2ms)[0m   [0mSELECT version FROM "schema_migrations"[0m
  [4;36;1mBehaviorConfig Create (0.4ms)[0m   [0;1mINSERT INTO "behavior_configs" ("value", "key") VALUES('paul@rslw.com', 'email_address')[0m
  [4;35;1mBehaviorConfig Load (0.3ms)[0m   [0mSELECT * FROM "behavior_configs" WHERE ("behavior_configs"."id" = 1) [0m
  [4;36;1mBehaviorConfig Create (0.4ms)[0m   [0;1mINSERT INTO "behavior_configs" ("value", "key") VALUES('paul@rslw.com', 'email_address')[0m
  [4;35;1mBehaviorConfig Load (0.2ms)[0m   [0mSELECT * FROM "behavior_configs" WHERE ("behavior_configs"."id" = 1) [0m
  [4;36;1mBehaviorConfig Create (2.8ms)[0m   [0;1mINSERT INTO "behavior_configs" ("value", "key") VALUES('paul@rslw.com', 'email_address')[0m
  [4;35;1mBehaviorConfig Load (0.3ms)[0m   [0mSELECT * FROM "behavior_configs" WHERE ("behavior_configs"."id" = 1) [0m
  [4;36;1mSQL (0.2ms)[0m   [0;1mselect sqlite_version(*)[0m
  [4;35;1mSQL (0.3ms)[0m   [0m SELECT name
 FROM sqlite_master
 WHERE type = 'table' AND NOT name = 'sqlite_sequence'
[0m
  [4;36;1mSQL (2.1ms)[0m   [0;1mDROP TABLE "behavior_configs"[0m
  [4;35;1mSQL (1.0ms)[0m   [0mCREATE TABLE "behavior_configs" ("id" INTEGER PRIMARY KEY AUTOINCREMENT NOT NULL, "key" varchar(255), "value" varchar(255)) [0m
  [4;36;1mSQL (0.2ms)[0m   [0;1m SELECT name
 FROM sqlite_master
 WHERE type = 'table' AND NOT name = 'sqlite_sequence'
[0m
  [4;35;1mSQL (0.2ms)[0m   [0mSELECT version FROM "schema_migrations"[0m
  [4;36;1mBehaviorConfig Create (1.1ms)[0m   [0;1mINSERT INTO "behavior_configs" ("value", "key") VALUES('paul@rslw.com', 'email_address')[0m
  [4;35;1mBehaviorConfig Load (0.2ms)[0m   [0mSELECT * FROM "behavior_configs" WHERE ("behavior_configs"."id" = 1) [0m
  [4;36;1mBehaviorConfig Create (0.3ms)[0m   [0;1mINSERT INTO "behavior_configs" ("value", "key") VALUES('paul@rslw.com', 'email_address')[0m
  [4;35;1mBehaviorConfig Load (0.2ms)[0m   [0mSELECT * FROM "behavior_configs" WHERE ("behavior_configs"."id" = 1) [0m
  [4;36;1mBehaviorConfig Create (0.4ms)[0m   [0;1mINSERT INTO "behavior_configs" ("value", "key") VALUES('paul@rslw.com', 'email_address')[0m
  [4;35;1mBehaviorConfig Load (0.2ms)[0m   [0mSELECT * FROM "behavior_configs" WHERE ("behavior_configs"."id" = 1) [0m
  [4;36;1mSQL (0.2ms)[0m   [0;1mselect sqlite_version(*)[0m
  [4;35;1mSQL (0.3ms)[0m   [0m SELECT name
 FROM sqlite_master
 WHERE type = 'table' AND NOT name = 'sqlite_sequence'
[0m
  [4;36;1mSQL (2.8ms)[0m   [0;1mDROP TABLE "behavior_configs"[0m
  [4;35;1mSQL (1.3ms)[0m   [0mCREATE TABLE "behavior_configs" ("id" INTEGER PRIMARY KEY AUTOINCREMENT NOT NULL, "key" varchar(255), "value" varchar(255)) [0m
  [4;36;1mSQL (0.4ms)[0m   [0;1m SELECT name
 FROM sqlite_master
 WHERE type = 'table' AND NOT name = 'sqlite_sequence'
[0m
  [4;35;1mSQL (0.1ms)[0m   [0mSELECT version FROM "schema_migrations"[0m
  [4;36;1mBehaviorConfig Create (0.5ms)[0m   [0;1mINSERT INTO "behavior_configs" ("value", "key") VALUES('paul@rslw.com', 'email_address')[0m
  [4;35;1mBehaviorConfig Load (0.3ms)[0m   [0mSELECT * FROM "behavior_configs" WHERE ("behavior_configs"."id" = 1) [0m
  [4;36;1mBehaviorConfig Create (0.4ms)[0m   [0;1mINSERT INTO "behavior_configs" ("value", "key") VALUES('paul@rslw.com', 'email_address')[0m
  [4;35;1mBehaviorConfig Load (0.2ms)[0m   [0mSELECT * FROM "behavior_configs" WHERE ("behavior_configs"."id" = 1) [0m
  [4;36;1mBehaviorConfig Create (0.3ms)[0m   [0;1mINSERT INTO "behavior_configs" ("value", "key") VALUES('paul@rslw.com', 'email_address')[0m
  [4;35;1mBehaviorConfig Load (0.2ms)[0m   [0mSELECT * FROM "behavior_configs" WHERE ("behavior_configs"."id" = 1) [0m
  [4;36;1mSQL (0.2ms)[0m   [0;1mselect sqlite_version(*)[0m
  [4;35;1mSQL (0.3ms)[0m   [0m SELECT name
 FROM sqlite_master
 WHERE type = 'table' AND NOT name = 'sqlite_sequence'
[0m
  [4;36;1mSQL (2.9ms)[0m   [0;1mDROP TABLE "behavior_configs"[0m
  [4;35;1mSQL (1.3ms)[0m   [0mCREATE TABLE "behavior_configs" ("id" INTEGER PRIMARY KEY AUTOINCREMENT NOT NULL, "key" varchar(255), "value" varchar(255)) [0m
  [4;36;1mSQL (0.2ms)[0m   [0;1m SELECT name
 FROM sqlite_master
 WHERE type = 'table' AND NOT name = 'sqlite_sequence'
[0m
  [4;35;1mSQL (0.1ms)[0m   [0mSELECT version FROM "schema_migrations"[0m
  [4;36;1mBehaviorConfig Create (0.4ms)[0m   [0;1mINSERT INTO "behavior_configs" ("value", "key") VALUES('paul@rslw.com', 'email_address')[0m
  [4;35;1mBehaviorConfig Load (0.3ms)[0m   [0mSELECT * FROM "behavior_configs" WHERE ("behavior_configs"."id" = 1) [0m
  [4;36;1mBehaviorConfig Create (0.3ms)[0m   [0;1mINSERT INTO "behavior_configs" ("value", "key") VALUES('paul@rslw.com', 'email_address')[0m
  [4;35;1mBehaviorConfig Load (0.2ms)[0m   [0mSELECT * FROM "behavior_configs" WHERE ("behavior_configs"."id" = 1) [0m
  [4;36;1mBehaviorConfig Create (0.3ms)[0m   [0;1mINSERT INTO "behavior_configs" ("value", "key") VALUES('paul@rslw.com', 'email_address')[0m
  [4;35;1mBehaviorConfig Load (0.3ms)[0m   [0mSELECT * FROM "behavior_configs" WHERE ("behavior_configs"."id" = 1) [0m
